<?xml version="1.0" encoding="UTF-8"?>
<!-- Generated by org.testng.reporters.JUnitXMLReporter -->
<testsuite ignored="0" hostname="CMDLHRLT07" failures="0" tests="6" name="Default test" time="14.415" errors="0" timestamp="2023-08-16T07:05:29 EDT">
  <testcase classname="automation.TestNG" name="AccesstoSite" time="9.281"/>
  <testcase classname="automation.TestNG" name="Managerlogin" time="1.255"/>
  <testcase classname="automation.TestNG" name="Addcustomer" time="0.626"/>
  <testcase classname="automation.TestNG" name="customerdetails" time="1.405"/>
  <testcase classname="automation.TestNG" name="OpenAccount" time="1.412"/>
  <testcase classname="automation.TestNG" name="Customerlogin" time="0.333"/>
</testsuite> <!-- Default test -->
