<?xml version="1.0" encoding="UTF-8"?>
<testng-results ignored="0" total="6" passed="6" failed="0" skipped="0">
  <reporter-output>
  </reporter-output>
  <suite started-at="2023-08-16T07:05:15 EDT" name="Default suite" finished-at="2023-08-16T07:05:29 EDT" duration-ms="14415">
    <groups>
    </groups>
    <test started-at="2023-08-16T07:05:15 EDT" name="Default test" finished-at="2023-08-16T07:05:29 EDT" duration-ms="14415">
      <class name="automation.TestNG">
        <test-method signature="AccesstoSite()[pri:0, instance:automation.TestNG@68c9133c]" started-at="2023-08-16T07:05:15 EDT" name="AccesstoSite" finished-at="2023-08-16T07:05:24 EDT" duration-ms="9281" status="PASS">
          <reporter-output>
          </reporter-output>
        </test-method> <!-- AccesstoSite -->
        <test-method signature="Managerlogin()[pri:1, instance:automation.TestNG@68c9133c]" started-at="2023-08-16T07:05:24 EDT" name="Managerlogin" finished-at="2023-08-16T07:05:25 EDT" duration-ms="1255" status="PASS">
          <reporter-output>
          </reporter-output>
        </test-method> <!-- Managerlogin -->
        <test-method signature="Addcustomer()[pri:2, instance:automation.TestNG@68c9133c]" started-at="2023-08-16T07:05:25 EDT" name="Addcustomer" finished-at="2023-08-16T07:05:26 EDT" duration-ms="626" status="PASS">
          <reporter-output>
          </reporter-output>
        </test-method> <!-- Addcustomer -->
        <test-method signature="customerdetails()[pri:3, instance:automation.TestNG@68c9133c]" started-at="2023-08-16T07:05:26 EDT" name="customerdetails" finished-at="2023-08-16T07:05:27 EDT" duration-ms="1405" status="PASS">
          <reporter-output>
          </reporter-output>
        </test-method> <!-- customerdetails -->
        <test-method signature="OpenAccount()[pri:4, instance:automation.TestNG@68c9133c]" started-at="2023-08-16T07:05:27 EDT" name="OpenAccount" finished-at="2023-08-16T07:05:29 EDT" duration-ms="1412" status="PASS">
          <reporter-output>
          </reporter-output>
        </test-method> <!-- OpenAccount -->
        <test-method signature="Customerlogin()[pri:5, instance:automation.TestNG@68c9133c]" started-at="2023-08-16T07:05:29 EDT" name="Customerlogin" finished-at="2023-08-16T07:05:29 EDT" duration-ms="333" status="PASS">
          <reporter-output>
          </reporter-output>
        </test-method> <!-- Customerlogin -->
      </class> <!-- automation.TestNG -->
    </test> <!-- Default test -->
  </suite> <!-- Default suite -->
</testng-results>
